生成启动时间为 2018/9/19 9:37:11。
     1>项目“C:\Users\Administrator\Documents\Visual Studio 2010\Projects\faceDetect\FaceLivingDetection\FaceLivingDetection.vcxproj”在节点 2 上(build 个目标)。
     1>InitializeBuildStatus:
         正在创建“Release\FaceLivingDetection.unsuccessfulbuild”，因为已指定“AlwaysCreate”。
       ClCompile:
         所有输出均为最新。
         D:\Microsoft Visual Studio 10.0\VC\bin\CL.exe /c /Zi /nologo /W3 /WX- /O2 /Oi /Oy- /GL /D WIN32 /D _WINDOWS /D NDEBUG /D _USRDLL /D _WINDLL /D _MBCS /D _AFXDLL /Gm- /EHsc /MD /GS /Gy /fp:precise /Zc:wchar_t /Zc:forScope /Yu"StdAfx.h" /Fp"Release\FaceLivingDetection.pch" /Fo"Release\\" /Fd"Release\vc100.pdb" /Gd /TP /analyze- /errorReport:prompt FaceLivingHandler.cpp
         FaceLivingHandler.cpp
     1>FaceLivingHandler.cpp(105): warning C4018: “<”: 有符号/无符号不匹配
     1>FaceLivingHandler.cpp(140): warning C4996: 'sprintf': This function or variable may be unsafe. Consider using sprintf_s instead. To disable deprecation, use _CRT_SECURE_NO_WARNINGS. See online help for details.
                 D:\Microsoft Visual Studio 10.0\VC\include\stdio.h(371) : 参见“sprintf”的声明
     1>FaceLivingHandler.cpp(178): warning C4018: “<”: 有符号/无符号不匹配
     1>FaceLivingHandler.cpp(198): warning C4018: “<”: 有符号/无符号不匹配
     1>FaceLivingHandler.cpp(288): warning C4244: “初始化”: 从“float”转换到“uchar”，可能丢失数据
       ResourceCompile:
         所有输出均为最新。
       Link:
         D:\Microsoft Visual Studio 10.0\VC\bin\link.exe /ERRORREPORT:PROMPT /OUT:"C:\Users\Administrator\Documents\Visual Studio 2010\Projects\faceDetect\Release\FaceLivingDetection.dll" /INCREMENTAL:NO /NOLOGO opencv_calib3d249.lib opencv_contrib249.lib opencv_core249.lib opencv_features2d249.lib opencv_flann249.lib opencv_gpu249.lib opencv_highgui249.lib opencv_imgproc249.lib opencv_legacy249.lib opencv_ml249d.lib opencv_objdetect249.lib opencv_ts249.lib opencv_video249.lib opencv_nonfree249.lib opencv_ocl249.lib opencv_photo249.lib opencv_stitching249.lib opencv_superres249.lib opencv_videostab249.lib opencv_calib3d249d.lib opencv_contrib249d.lib opencv_core249d.lib opencv_features2d249d.lib opencv_flann249d.lib opencv_gpu249d.lib opencv_highgui249d.lib opencv_imgproc249d.lib opencv_legacy249d.lib opencv_objdetect249d.lib opencv_ts249d.lib opencv_video249d.lib opencv_nonfree249d.lib opencv_ocl249d.lib opencv_photo249d.lib opencv_stitching249d.lib opencv_superres249d.lib opencv_videostab249d.lib /DEF:".\FaceLivingDetection.def" /MANIFEST /ManifestFile:"Release\FaceLivingDetection.dll.intermediate.manifest" /MANIFESTUAC:"level='asInvoker' uiAccess='false'" /DEBUG /PDB:"C:\Users\Administrator\Documents\Visual Studio 2010\Projects\faceDetect\Release\FaceLivingDetection.pdb" /SUBSYSTEM:WINDOWS /OPT:REF /OPT:ICF /LTCG /TLBID:1 /DYNAMICBASE /NXCOMPAT /IMPLIB:"C:\Users\Administrator\Documents\Visual Studio 2010\Projects\faceDetect\Release\FaceLivingDetection.lib" /MACHINE:X86 /DLL Release\FaceLivingDetection.res
         Release\FaceLivingDetection.obj
         Release\FaceLivingHandler.obj
         Release\stdafx.obj
            正在创建库 C:\Users\Administrator\Documents\Visual Studio 2010\Projects\faceDetect\Release\FaceLivingDetection.lib 和对象 C:\Users\Administrator\Documents\Visual Studio 2010\Projects\faceDetect\Release\FaceLivingDetection.exp
         正在生成代码
         已完成代码的生成
         FaceLivingDetection.vcxproj -> C:\Users\Administrator\Documents\Visual Studio 2010\Projects\faceDetect\Release\FaceLivingDetection.dll
       Manifest:
         C:\Program Files (x86)\Microsoft SDKs\Windows\v7.0A\bin\mt.exe /nologo /verbose /outputresource:"C:\Users\Administrator\Documents\Visual Studio 2010\Projects\faceDetect\Release\FaceLivingDetection.dll;#2" /manifest Release\FaceLivingDetection.dll.intermediate.manifest "D:\Microsoft Visual Studio 10.0\VC\Include\Manifest\dpiaware.manifest"
       FinalizeBuildStatus:
         正在删除文件“Release\FaceLivingDetection.unsuccessfulbuild”。
         正在对“Release\FaceLivingDetection.lastbuildstate”执行 Touch 任务。
     1>已完成生成项目“C:\Users\Administrator\Documents\Visual Studio 2010\Projects\faceDetect\FaceLivingDetection\FaceLivingDetection.vcxproj”(build 个目标)的操作。

生成成功。

已用时间 00:00:02.15
