C:\Users\Administrator\Documents\Visual Studio 2010\Projects\faceDetect\FaceLivingDetection\Release\cl.command.1.tlog
C:\Users\Administrator\Documents\Visual Studio 2010\Projects\faceDetect\FaceLivingDetection\Release\CL.read.1.tlog
C:\Users\Administrator\Documents\Visual Studio 2010\Projects\faceDetect\FaceLivingDetection\Release\CL.write.1.tlog
C:\USERS\ADMINISTRATOR\DOCUMENTS\VISUAL STUDIO 2010\PROJECTS\FACEDETECT\FACELIVINGDETECTION\RELEASE\FACELIVINGDETECTION.DLL.INTERMEDIATE.MANIFEST
C:\USERS\ADMINISTRATOR\DOCUMENTS\VISUAL STUDIO 2010\PROJECTS\FACEDETECT\FACELIVINGDETECTION\RELEASE\FACELIVINGDETECTION.OBJ
C:\USERS\ADMINISTRATOR\DOCUMENTS\VISUAL STUDIO 2010\PROJECTS\FACEDETECT\FACELIVINGDETECTION\RELEASE\FACELIVINGDETECTION.PCH
C:\USERS\ADMINISTRATOR\DOCUMENTS\VISUAL STUDIO 2010\PROJECTS\FACEDETECT\FACELIVINGDETECTION\RELEASE\FACELIVINGDETECTION.RES
C:\Users\Administrator\Documents\Visual Studio 2010\Projects\faceDetect\FaceLivingDetection\Release\FaceLivingDetection.vcxprojResolveAssemblyReference.cache
C:\Users\Administrator\Documents\Visual Studio 2010\Projects\faceDetect\FaceLivingDetection\Release\FaceLivingDetection.write.1.tlog
C:\USERS\ADMINISTRATOR\DOCUMENTS\VISUAL STUDIO 2010\PROJECTS\FACEDETECT\FACELIVINGDETECTION\RELEASE\FACELIVINGHANDLER.OBJ
C:\Users\Administrator\Documents\Visual Studio 2010\Projects\faceDetect\FaceLivingDetection\Release\link.command.1.tlog
C:\Users\Administrator\Documents\Visual Studio 2010\Projects\faceDetect\FaceLivingDetection\Release\link.read.1.tlog
C:\Users\Administrator\Documents\Visual Studio 2010\Projects\faceDetect\FaceLivingDetection\Release\link.write.1.tlog
C:\Users\Administrator\Documents\Visual Studio 2010\Projects\faceDetect\FaceLivingDetection\Release\link-cvtres.read.1.tlog
C:\Users\Administrator\Documents\Visual Studio 2010\Projects\faceDetect\FaceLivingDetection\Release\link-cvtres.write.1.tlog
C:\Users\Administrator\Documents\Visual Studio 2010\Projects\faceDetect\FaceLivingDetection\Release\mt.command.1.tlog
C:\Users\Administrator\Documents\Visual Studio 2010\Projects\faceDetect\FaceLivingDetection\Release\mt.read.1.tlog
C:\Users\Administrator\Documents\Visual Studio 2010\Projects\faceDetect\FaceLivingDetection\Release\mt.write.1.tlog
C:\Users\Administrator\Documents\Visual Studio 2010\Projects\faceDetect\FaceLivingDetection\Release\rc.command.1.tlog
C:\Users\Administrator\Documents\Visual Studio 2010\Projects\faceDetect\FaceLivingDetection\Release\rc.read.1.tlog
C:\Users\Administrator\Documents\Visual Studio 2010\Projects\faceDetect\FaceLivingDetection\Release\rc.write.1.tlog
C:\USERS\ADMINISTRATOR\DOCUMENTS\VISUAL STUDIO 2010\PROJECTS\FACEDETECT\FACELIVINGDETECTION\RELEASE\STDAFX.OBJ
C:\USERS\ADMINISTRATOR\DOCUMENTS\VISUAL STUDIO 2010\PROJECTS\FACEDETECT\FACELIVINGDETECTION\RELEASE\VC100.PDB
C:\USERS\ADMINISTRATOR\DOCUMENTS\VISUAL STUDIO 2010\PROJECTS\FACEDETECT\RELEASE\FACELIVINGDETECTION.DLL
C:\Users\Administrator\Documents\Visual Studio 2010\Projects\faceDetect\Release\FaceLivingDetection.exp
C:\Users\Administrator\Documents\Visual Studio 2010\Projects\faceDetect\Release\FaceLivingDetection.lib
C:\USERS\ADMINISTRATOR\DOCUMENTS\VISUAL STUDIO 2010\PROJECTS\FACEDETECT\RELEASE\FACELIVINGDETECTION.PDB
