生成启动时间为 2018/9/19 9:04:29。
     1>项目“C:\Users\Administrator\Documents\Visual Studio 2010\Projects\faceDetect\FaceLivingDetection\FaceLivingDetection.vcxproj”在节点 2 上(build 个目标)。
     1>InitializeBuildStatus:
         正在对“Debug\FaceLivingDetection.unsuccessfulbuild”执行 Touch 任务。
       ClCompile:
         所有输出均为最新。
         D:\Microsoft Visual Studio 10.0\VC\bin\CL.exe /c /ZI /nologo /W3 /WX- /Od /Oy- /D WIN32 /D _WINDOWS /D _DEBUG /D _USRDLL /D _WINDLL /D _UNICODE /D UNICODE /D _AFXDLL /Gm /EHsc /RTC1 /MDd /GS /fp:precise /Zc:wchar_t /Zc:forScope /Yu"StdAfx.h" /Fp"Debug\FaceLivingDetection.pch" /Fo"Debug\\" /Fd"Debug\vc100.pdb" /Gd /TP /analyze- /errorReport:prompt FaceLivingDetection.cpp FaceLivingHandler.cpp
         FaceLivingHandler.cpp
     1>c:\users\administrator\documents\visual studio 2010\projects\facedetect\facelivingdetection\facelivinghandler.cpp(103): warning C4018: “<”: 有符号/无符号不匹配
     1>c:\users\administrator\documents\visual studio 2010\projects\facedetect\facelivingdetection\facelivinghandler.cpp(138): warning C4996: 'sprintf': This function or variable may be unsafe. Consider using sprintf_s instead. To disable deprecation, use _CRT_SECURE_NO_WARNINGS. See online help for details.
                 d:\microsoft visual studio 10.0\vc\include\stdio.h(371) : 参见“sprintf”的声明
     1>c:\users\administrator\documents\visual studio 2010\projects\facedetect\facelivingdetection\facelivinghandler.cpp(176): warning C4018: “<”: 有符号/无符号不匹配
     1>c:\users\administrator\documents\visual studio 2010\projects\facedetect\facelivingdetection\facelivinghandler.cpp(196): warning C4018: “<”: 有符号/无符号不匹配
     1>c:\users\administrator\documents\visual studio 2010\projects\facedetect\facelivingdetection\facelivinghandler.cpp(286): warning C4244: “初始化”: 从“float”转换到“uchar”，可能丢失数据
         FaceLivingDetection.cpp
         正在生成代码...
       ResourceCompile:
         C:\Program Files (x86)\Microsoft SDKs\Windows\v7.0A\bin\rc.exe /D _DEBUG /D _UNICODE /D UNICODE /D _AFXDLL /l"0x0804" /IDebug\ /nologo /fo"Debug\FaceLivingDetection.res" FaceLivingDetection.rc 
       ManifestResourceCompile:
         C:\Program Files (x86)\Microsoft SDKs\Windows\v7.0A\bin\rc.exe /nologo /fo"Debug\FaceLivingDetection.dll.embed.manifest.res" Debug\FaceLivingDetection_manifest.rc 
       Link:
         D:\Microsoft Visual Studio 10.0\VC\bin\link.exe /ERRORREPORT:PROMPT /OUT:"C:\Users\Administrator\Documents\Visual Studio 2010\Projects\faceDetect\Debug\FaceLivingDetection.dll" /INCREMENTAL /NOLOGO opencv_calib3d249.lib opencv_contrib249.lib opencv_core249.lib opencv_features2d249.lib opencv_flann249.lib opencv_gpu249.lib opencv_highgui249.lib opencv_imgproc249.lib opencv_legacy249.lib opencv_ml249d.lib opencv_objdetect249.lib opencv_ts249.lib opencv_video249.lib opencv_nonfree249.lib opencv_ocl249.lib opencv_photo249.lib opencv_stitching249.lib opencv_superres249.lib opencv_videostab249.lib opencv_calib3d249d.lib opencv_contrib249d.lib opencv_core249d.lib opencv_features2d249d.lib opencv_flann249d.lib opencv_gpu249d.lib opencv_highgui249d.lib opencv_imgproc249d.lib opencv_legacy249d.lib opencv_objdetect249d.lib opencv_ts249d.lib opencv_video249d.lib opencv_nonfree249d.lib opencv_ocl249d.lib opencv_photo249d.lib opencv_stitching249d.lib opencv_superres249d.lib opencv_videostab249d.lib /DEF:".\FaceLivingDetection.def" /MANIFEST /ManifestFile:"Debug\FaceLivingDetection.dll.intermediate.manifest" /MANIFESTUAC:"level='asInvoker' uiAccess='false'" /DEBUG /PDB:"C:\Users\Administrator\Documents\Visual Studio 2010\Projects\faceDetect\Debug\FaceLivingDetection.pdb" /SUBSYSTEM:WINDOWS /TLBID:1 /DYNAMICBASE /NXCOMPAT /IMPLIB:"C:\Users\Administrator\Documents\Visual Studio 2010\Projects\faceDetect\Debug\FaceLivingDetection.lib" /MACHINE:X86 /DLL Debug\FaceLivingDetection.res
         Debug\FaceLivingDetection.dll.embed.manifest.res
         Debug\FaceLivingDetection.obj
         Debug\FaceLivingHandler.obj
         Debug\stdafx.obj
            正在创建库 C:\Users\Administrator\Documents\Visual Studio 2010\Projects\faceDetect\Debug\FaceLivingDetection.lib 和对象 C:\Users\Administrator\Documents\Visual Studio 2010\Projects\faceDetect\Debug\FaceLivingDetection.exp
       Manifest:
         C:\Program Files (x86)\Microsoft SDKs\Windows\v7.0A\bin\mt.exe /nologo /verbose /out:"Debug\FaceLivingDetection.dll.embed.manifest" /manifest Debug\FaceLivingDetection.dll.intermediate.manifest "D:\Microsoft Visual Studio 10.0\VC\Include\Manifest\dpiaware.manifest"
         C:\Program Files (x86)\Microsoft SDKs\Windows\v7.0A\bin\rc.exe /nologo /fo"Debug\FaceLivingDetection.dll.embed.manifest.res" Debug\FaceLivingDetection_manifest.rc 
       LinkEmbedManifest:
         D:\Microsoft Visual Studio 10.0\VC\bin\link.exe /ERRORREPORT:PROMPT /OUT:"C:\Users\Administrator\Documents\Visual Studio 2010\Projects\faceDetect\Debug\FaceLivingDetection.dll" /INCREMENTAL /NOLOGO opencv_calib3d249.lib opencv_contrib249.lib opencv_core249.lib opencv_features2d249.lib opencv_flann249.lib opencv_gpu249.lib opencv_highgui249.lib opencv_imgproc249.lib opencv_legacy249.lib opencv_ml249d.lib opencv_objdetect249.lib opencv_ts249.lib opencv_video249.lib opencv_nonfree249.lib opencv_ocl249.lib opencv_photo249.lib opencv_stitching249.lib opencv_superres249.lib opencv_videostab249.lib opencv_calib3d249d.lib opencv_contrib249d.lib opencv_core249d.lib opencv_features2d249d.lib opencv_flann249d.lib opencv_gpu249d.lib opencv_highgui249d.lib opencv_imgproc249d.lib opencv_legacy249d.lib opencv_objdetect249d.lib opencv_ts249d.lib opencv_video249d.lib opencv_nonfree249d.lib opencv_ocl249d.lib opencv_photo249d.lib opencv_stitching249d.lib opencv_superres249d.lib opencv_videostab249d.lib /DEF:".\FaceLivingDetection.def" /MANIFEST /ManifestFile:"Debug\FaceLivingDetection.dll.intermediate.manifest" /MANIFESTUAC:"level='asInvoker' uiAccess='false'" /DEBUG /PDB:"C:\Users\Administrator\Documents\Visual Studio 2010\Projects\faceDetect\Debug\FaceLivingDetection.pdb" /SUBSYSTEM:WINDOWS /TLBID:1 /DYNAMICBASE /NXCOMPAT /IMPLIB:"C:\Users\Administrator\Documents\Visual Studio 2010\Projects\faceDetect\Debug\FaceLivingDetection.lib" /MACHINE:X86 /DLL Debug\FaceLivingDetection.res
         Debug\FaceLivingDetection.dll.embed.manifest.res
         Debug\FaceLivingDetection.obj
         Debug\FaceLivingHandler.obj
         Debug\stdafx.obj
            正在创建库 C:\Users\Administrator\Documents\Visual Studio 2010\Projects\faceDetect\Debug\FaceLivingDetection.lib 和对象 C:\Users\Administrator\Documents\Visual Studio 2010\Projects\faceDetect\Debug\FaceLivingDetection.exp
         FaceLivingDetection.vcxproj -> C:\Users\Administrator\Documents\Visual Studio 2010\Projects\faceDetect\Debug\FaceLivingDetection.dll
       FinalizeBuildStatus:
         正在删除文件“Debug\FaceLivingDetection.unsuccessfulbuild”。
         正在对“Debug\FaceLivingDetection.lastbuildstate”执行 Touch 任务。
     1>已完成生成项目“C:\Users\Administrator\Documents\Visual Studio 2010\Projects\faceDetect\FaceLivingDetection\FaceLivingDetection.vcxproj”(build 个目标)的操作。

生成成功。

已用时间 00:00:03.98
