E:\github\c-\ra2yuriSend\ra2yuriEXE\Release\cl.command.1.tlog
E:\github\c-\ra2yuriSend\ra2yuriEXE\Release\CL.read.1.tlog
E:\github\c-\ra2yuriSend\ra2yuriEXE\Release\CL.write.1.tlog
E:\github\c-\ra2yuriSend\ra2yuriEXE\Release\link.command.1.tlog
E:\github\c-\ra2yuriSend\ra2yuriEXE\Release\link.read.1.tlog
E:\github\c-\ra2yuriSend\ra2yuriEXE\Release\link.write.1.tlog
E:\github\c-\ra2yuriSend\ra2yuriEXE\Release\link-cvtres.read.1.tlog
E:\github\c-\ra2yuriSend\ra2yuriEXE\Release\link-cvtres.write.1.tlog
E:\github\c-\ra2yuriSend\ra2yuriEXE\Release\mt.command.1.tlog
E:\github\c-\ra2yuriSend\ra2yuriEXE\Release\mt.read.1.tlog
E:\github\c-\ra2yuriSend\ra2yuriEXE\Release\mt.write.1.tlog
E:\GITHUB\C-\RA2YURISEND\RA2YURIEXE\RELEASE\RA2YURIEXE.OBJ
E:\GITHUB\C-\RA2YURISEND\RA2YURIEXE\RELEASE\RA2YURIEXE.RES
E:\github\c-\ra2yuriSend\ra2yuriEXE\Release\ra2yuriEXE.vcxprojResolveAssemblyReference.cache
E:\GITHUB\C-\RA2YURISEND\RA2YURIEXE\RELEASE\RA2YURIEXEDLG.OBJ
E:\GITHUB\C-\RA2YURISEND\RA2YURIEXE\RELEASE\RA2YURISERVICE.EXE.INTERMEDIATE.MANIFEST
E:\GITHUB\C-\RA2YURISEND\RA2YURIEXE\RELEASE\RA2YURISERVICE.PCH
E:\github\c-\ra2yuriSend\ra2yuriEXE\Release\ra2yuriService.write.1.tlog
E:\github\c-\ra2yuriSend\ra2yuriEXE\Release\rc.command.1.tlog
E:\github\c-\ra2yuriSend\ra2yuriEXE\Release\rc.read.1.tlog
E:\github\c-\ra2yuriSend\ra2yuriEXE\Release\rc.write.1.tlog
E:\GITHUB\C-\RA2YURISEND\RA2YURIEXE\RELEASE\STDAFX.OBJ
E:\GITHUB\C-\RA2YURISEND\RA2YURIEXE\RELEASE\VC100.PDB
E:\GITHUB\C-\RA2YURISEND\RELEASE\RA2YURISERVICE.EXE
E:\GITHUB\C-\RA2YURISEND\RELEASE\RA2YURISERVICE.PDB
