生成启动时间为 2018/8/22 16:58:59。
     1>项目“E:\github\c-\ra2yuriSend\ra2yuriEXE\ra2yuriEXE.vcxproj”在节点 2 上(rebuild 个目标)。
     1>_PrepareForClean:
         正在删除文件“Release\ra2yuriService.lastbuildstate”。
       InitializeBuildStatus:
         正在创建“Release\ra2yuriService.unsuccessfulbuild”，因为已指定“AlwaysCreate”。
       ClCompile:
         D:\Microsoft Visual Studio 10.0\VC\bin\CL.exe /c /I"E:\恒银\ACE_wrappers" /Zi /nologo /W3 /WX- /O2 /Oi /Oy- /GL /D WIN32 /D _WINDOWS /D NDEBUG /D _MBCS /Gm- /EHsc /MT /GS /Gy /fp:precise /Zc:wchar_t /Zc:forScope /Yc"StdAfx.h" /Fp"Release\ra2yuriService.pch" /Fo"Release\\" /Fd"Release\vc100.pdb" /Gd /TP /analyze- /errorReport:prompt stdafx.cpp
         stdafx.cpp
         D:\Microsoft Visual Studio 10.0\VC\bin\CL.exe /c /I"E:\恒银\ACE_wrappers" /Zi /nologo /W3 /WX- /O2 /Oi /Oy- /GL /D WIN32 /D _WINDOWS /D NDEBUG /D _MBCS /Gm- /EHsc /MT /GS /Gy /fp:precise /Zc:wchar_t /Zc:forScope /Yu"StdAfx.h" /Fp"Release\ra2yuriService.pch" /Fo"Release\\" /Fd"Release\vc100.pdb" /Gd /TP /analyze- /errorReport:prompt ra2yuriEXE.cpp ra2yuriEXEDlg.cpp
         ra2yuriEXE.cpp
         ra2yuriEXEDlg.cpp
     1>E:\恒银\ACE_wrappers\ace/OS_NS_string.inl(110): warning C4996: 'strcat': This function or variable may be unsafe. Consider using strcat_s instead. To disable deprecation, use _CRT_SECURE_NO_WARNINGS. See online help for details.
                 D:\Microsoft Visual Studio 10.0\VC\include\string.h(110) : 参见“strcat”的声明
     1>E:\恒银\ACE_wrappers\ace/OS_NS_string.inl(120): warning C4996: 'wcscat': This function or variable may be unsafe. Consider using wcscat_s instead. To disable deprecation, use _CRT_SECURE_NO_WARNINGS. See online help for details.
                 D:\Microsoft Visual Studio 10.0\VC\include\string.h(276) : 参见“wcscat”的声明
     1>E:\恒银\ACE_wrappers\ace/OS_NS_string.inl(178): warning C4996: 'strcpy': This function or variable may be unsafe. Consider using strcpy_s instead. To disable deprecation, use _CRT_SECURE_NO_WARNINGS. See online help for details.
                 D:\Microsoft Visual Studio 10.0\VC\include\string.h(105) : 参见“strcpy”的声明
     1>E:\恒银\ACE_wrappers\ace/OS_NS_string.inl(188): warning C4996: 'wcscpy': This function or variable may be unsafe. Consider using wcscpy_s instead. To disable deprecation, use _CRT_SECURE_NO_WARNINGS. See online help for details.
                 D:\Microsoft Visual Studio 10.0\VC\include\string.h(283) : 参见“wcscpy”的声明
     1>E:\恒银\ACE_wrappers\ace/OS_NS_string.inl(222): warning C4996: 'strdup': The POSIX name for this item is deprecated. Instead, use the ISO C++ conformant name: _strdup. See online help for details.
                 D:\Microsoft Visual Studio 10.0\VC\include\string.h(238) : 参见“strdup”的声明
     1>E:\恒银\ACE_wrappers\ace/OS_NS_string.inl(262): warning C4996: 'strncat': This function or variable may be unsafe. Consider using strncat_s instead. To disable deprecation, use _CRT_SECURE_NO_WARNINGS. See online help for details.
                 D:\Microsoft Visual Studio 10.0\VC\include\string.h(175) : 参见“strncat”的声明
     1>E:\恒银\ACE_wrappers\ace/OS_NS_string.inl(274): warning C4996: 'wcsncat': This function or variable may be unsafe. Consider using wcsncat_s instead. To disable deprecation, use _CRT_SECURE_NO_WARNINGS. See online help for details.
                 D:\Microsoft Visual Studio 10.0\VC\include\string.h(299) : 参见“wcsncat”的声明
     1>E:\恒银\ACE_wrappers\ace/OS_NS_string.inl(315): warning C4996: 'strncpy': This function or variable may be unsafe. Consider using strncpy_s instead. To disable deprecation, use _CRT_SECURE_NO_WARNINGS. See online help for details.
                 D:\Microsoft Visual Studio 10.0\VC\include\string.h(188) : 参见“strncpy”的声明
     1>E:\恒银\ACE_wrappers\ace/OS_NS_string.inl(324): warning C4996: 'wcsncpy': This function or variable may be unsafe. Consider using wcsncpy_s instead. To disable deprecation, use _CRT_SECURE_NO_WARNINGS. See online help for details.
                 D:\Microsoft Visual Studio 10.0\VC\include\string.h(306) : 参见“wcsncpy”的声明
     1>E:\恒银\ACE_wrappers\ace/OS_NS_string.inl(508): warning C4996: 'strtok': This function or variable may be unsafe. Consider using strtok_s instead. To disable deprecation, use _CRT_SECURE_NO_WARNINGS. See online help for details.
                 D:\Microsoft Visual Studio 10.0\VC\include\string.h(197) : 参见“strtok”的声明
     1>E:\恒银\ACE_wrappers\ace/OS_NS_string.inl(519): warning C4996: 'wcstok': This function or variable may be unsafe. Consider using wcstok_s instead. To disable deprecation, use _CRT_SECURE_NO_WARNINGS. See online help for details.
                 D:\Microsoft Visual Studio 10.0\VC\include\string.h(311) : 参见“wcstok”的声明
     1>E:\恒银\ACE_wrappers\ace/OS_NS_stdlib.inl(173): warning C4996: 'getenv': This function or variable may be unsafe. Consider using _dupenv_s instead. To disable deprecation, use _CRT_SECURE_NO_WARNINGS. See online help for details.
                 D:\Microsoft Visual Studio 10.0\VC\include\stdlib.h(433) : 参见“getenv”的声明
     1>E:\恒银\ACE_wrappers\ace/OS_NS_stdlib.inl(185): warning C4996: '_wgetenv': This function or variable may be unsafe. Consider using _wdupenv_s instead. To disable deprecation, use _CRT_SECURE_NO_WARNINGS. See online help for details.
                 D:\Microsoft Visual Studio 10.0\VC\include\stdlib.h(658) : 参见“_wgetenv”的声明
     1>E:\恒银\ACE_wrappers\ace/OS_NS_stdlib.inl(196): warning C4996: '_itoa': This function or variable may be unsafe. Consider using _itoa_s instead. To disable deprecation, use _CRT_SECURE_NO_WARNINGS. See online help for details.
                 D:\Microsoft Visual Studio 10.0\VC\include\stdlib.h(451) : 参见“_itoa”的声明
     1>E:\恒银\ACE_wrappers\ace/OS_NS_stdlib.inl(209): warning C4996: '_itow': This function or variable may be unsafe. Consider using _itow_s instead. To disable deprecation, use _CRT_SECURE_NO_WARNINGS. See online help for details.
                 D:\Microsoft Visual Studio 10.0\VC\include\stdlib.h(645) : 参见“_itow”的声明
     1>E:\恒银\ACE_wrappers\ace/OS_NS_stdlib.inl(275): warning C4996: '_mktemp': This function or variable may be unsafe. Consider using _mktemp_s instead. To disable deprecation, use _CRT_SECURE_NO_WARNINGS. See online help for details.
                 D:\Microsoft Visual Studio 10.0\VC\include\io.h(202) : 参见“_mktemp”的声明
     1>E:\恒银\ACE_wrappers\ace/OS_NS_stdlib.inl(286): warning C4996: '_wmktemp': This function or variable may be unsafe. Consider using _wmktemp_s instead. To disable deprecation, use _CRT_SECURE_NO_WARNINGS. See online help for details.
                 D:\Microsoft Visual Studio 10.0\VC\include\wchar.h(315) : 参见“_wmktemp”的声明
     1>E:\恒银\ACE_wrappers\ace/OS_NS_stdlib.inl(335): warning C4996: 'putenv': The POSIX name for this item is deprecated. Instead, use the ISO C++ conformant name: _putenv. See online help for details.
                 D:\Microsoft Visual Studio 10.0\VC\include\stdlib.h(869) : 参见“putenv”的声明
     1>E:\恒银\ACE_wrappers\ace/OS_NS_unistd.inl(60): warning C4996: 'access': The POSIX name for this item is deprecated. Instead, use the ISO C++ conformant name: _access. See online help for details.
                 D:\Microsoft Visual Studio 10.0\VC\include\io.h(299) : 参见“access”的声明
     1>E:\恒银\ACE_wrappers\ace/OS_NS_unistd.inl(131): warning C4996: 'chdir': The POSIX name for this item is deprecated. Instead, use the ISO C++ conformant name: _chdir. See online help for details.
                 D:\Microsoft Visual Studio 10.0\VC\include\direct.h(123) : 参见“chdir”的声明
     1>E:\恒银\ACE_wrappers\ace/OS_NS_unistd.inl(158): warning C4996: 'rmdir': The POSIX name for this item is deprecated. Instead, use the ISO C++ conformant name: _rmdir. See online help for details.
                 D:\Microsoft Visual Studio 10.0\VC\include\direct.h(125) : 参见“rmdir”的声明
     1>E:\恒银\ACE_wrappers\ace/OS_NS_unistd.inl(409): warning C4996: 'getcwd': The POSIX name for this item is deprecated. Instead, use the ISO C++ conformant name: _getcwd. See online help for details.
                 D:\Microsoft Visual Studio 10.0\VC\include\direct.h(117) : 参见“getcwd”的声明
     1>E:\恒银\ACE_wrappers\ace/OS_NS_unistd.inl(1016): warning C4996: 'swab': The POSIX name for this item is deprecated. Instead, use the ISO C++ conformant name: _swab. See online help for details.
                 D:\Microsoft Visual Studio 10.0\VC\include\stdlib.h(870) : 参见“swab”的声明
     1>E:\恒银\ACE_wrappers\ace/OS_NS_unistd.inl(1160): warning C4996: 'unlink': The POSIX name for this item is deprecated. Instead, use the ISO C++ conformant name: _unlink. See online help for details.
                 D:\Microsoft Visual Studio 10.0\VC\include\stdio.h(299) : 参见“unlink”的声明
     1>E:\恒银\ACE_wrappers\ace/OS_NS_sys_stat.inl(154): warning C4996: 'mkdir': The POSIX name for this item is deprecated. Instead, use the ISO C++ conformant name: _mkdir. See online help for details.
                 D:\Microsoft Visual Studio 10.0\VC\include\direct.h(124) : 参见“mkdir”的声明
     1>E:\恒银\ACE_wrappers\ace/OS_NS_stdio.inl(703): warning C4996: 'freopen': This function or variable may be unsafe. Consider using freopen_s instead. To disable deprecation, use _CRT_SECURE_NO_WARNINGS. See online help for details.
                 D:\Microsoft Visual Studio 10.0\VC\include\stdio.h(249) : 参见“freopen”的声明
     1>E:\恒银\ACE_wrappers\ace/OS_NS_stdio.inl(887): warning C4996: 'tempnam': The POSIX name for this item is deprecated. Instead, use the ISO C++ conformant name: _tempnam. See online help for details.
                 D:\Microsoft Visual Studio 10.0\VC\include\stdio.h(714) : 参见“tempnam”的声明
     1>E:\恒银\ACE_wrappers\ace/OS_NS_stdio.inl(994): warning C4996: 'vsprintf': This function or variable may be unsafe. Consider using vsprintf_s instead. To disable deprecation, use _CRT_SECURE_NO_WARNINGS. See online help for details.
                 D:\Microsoft Visual Studio 10.0\VC\include\stdio.h(371) : 参见“vsprintf”的声明
     1>E:\恒银\ACE_wrappers\ace/OS_NS_stdio.inl(1046): warning C4996: '_vsnprintf': This function or variable may be unsafe. Consider using _vsnprintf_s instead. To disable deprecation, use _CRT_SECURE_NO_WARNINGS. See online help for details.
                 D:\Microsoft Visual Studio 10.0\VC\include\stdio.h(363) : 参见“_vsnprintf”的声明
     1>E:\恒银\ACE_wrappers\ace/OS_NS_stdio.inl(1094): warning C4996: '_vsnwprintf': This function or variable may be unsafe. Consider using _vsnwprintf_s instead. To disable deprecation, use _CRT_SECURE_NO_WARNINGS. See online help for details.
                 D:\Microsoft Visual Studio 10.0\VC\include\stdio.h(488) : 参见“_vsnwprintf”的声明
       ResourceCompile:
         C:\Program Files (x86)\Microsoft SDKs\Windows\v7.0A\bin\rc.exe /D NDEBUG /l"0x0804" /IRelease\ /nologo /fo"Release\ra2yuriEXE.res" ra2yuriEXE.rc 
       Link:
         D:\Microsoft Visual Studio 10.0\VC\bin\link.exe /ERRORREPORT:PROMPT /OUT:"E:\github\c-\ra2yuriSend\Release\ra2yuriService.exe" /INCREMENTAL:NO /NOLOGO /LIBPATH:"E:\恒银\Lib\Release" /MANIFEST /ManifestFile:"Release\ra2yuriService.exe.intermediate.manifest" /MANIFESTUAC:"level='asInvoker' uiAccess='false'" /DEBUG /PDB:"E:\github\c-\ra2yuriSend\Release\ra2yuriService.pdb" /SUBSYSTEM:WINDOWS /OPT:REF /OPT:ICF /LTCG /TLBID:1 /DYNAMICBASE /NXCOMPAT /IMPLIB:"E:\github\c-\ra2yuriSend\Release\ra2yuriService.lib" /MACHINE:X86 Release\ra2yuriEXE.res
         Release\ra2yuriEXE.obj
         Release\ra2yuriEXEDlg.obj
         Release\stdafx.obj
         正在生成代码
         已完成代码的生成
         ra2yuriEXE.vcxproj -> E:\github\c-\ra2yuriSend\Release\ra2yuriService.exe
       Manifest:
         C:\Program Files (x86)\Microsoft SDKs\Windows\v7.0A\bin\mt.exe /nologo /verbose /outputresource:"E:\github\c-\ra2yuriSend\Release\ra2yuriService.exe;#1" /manifest Release\ra2yuriService.exe.intermediate.manifest "D:\Microsoft Visual Studio 10.0\VC\Include\Manifest\dpiaware.manifest"
       FinalizeBuildStatus:
         正在删除文件“Release\ra2yuriService.unsuccessfulbuild”。
         正在对“Release\ra2yuriService.lastbuildstate”执行 Touch 任务。
     1>已完成生成项目“E:\github\c-\ra2yuriSend\ra2yuriEXE\ra2yuriEXE.vcxproj”(rebuild 个目标)的操作。

生成成功。

已用时间 00:00:07.91
