生成启动时间为 2018/9/17 13:57:54。
     1>项目“C:\Users\Administrator\Documents\Visual Studio 2010\Projects\faceDetect\faceDetectOcx\faceDetectOcx.vcxproj”在节点 5 上(build 个目标)。
     1>InitializeBuildStatus:
         正在对“Release\faceDetectOcx.unsuccessfulbuild”执行 Touch 任务。
       Midl:
         所有输出均为最新。
       ClCompile:
         所有输出均为最新。
         所有输出均为最新。
         所有输出均为最新。
       ResourceCompile:
         所有输出均为最新。
       Link:
         所有输出均为最新。
         faceDetectOcx.vcxproj -> C:\Users\Administrator\Documents\Visual Studio 2010\Projects\faceDetect\Release\faceDetectOcx.ocx
       Manifest:
         所有输出均为最新。
       FinalizeBuildStatus:
         正在删除文件“Release\faceDetectOcx.unsuccessfulbuild”。
         正在对“Release\faceDetectOcx.lastbuildstate”执行 Touch 任务。
     1>已完成生成项目“C:\Users\Administrator\Documents\Visual Studio 2010\Projects\faceDetect\faceDetectOcx\faceDetectOcx.vcxproj”(build 个目标)的操作。

生成成功。

已用时间 00:00:00.97
