C:\USERS\ADMINISTRATOR\DOCUMENTS\VISUAL STUDIO 2010\PROJECTS\FACEDETECT\FACEDETECTOCX\FACEDETECTOCX_I.C
C:\USERS\ADMINISTRATOR\DOCUMENTS\VISUAL STUDIO 2010\PROJECTS\FACEDETECT\FACEDETECTOCX\FACEDETECTOCXIDL.H
C:\Users\Administrator\Documents\Visual Studio 2010\Projects\faceDetect\faceDetectOcx\Release\cl.command.1.tlog
C:\Users\Administrator\Documents\Visual Studio 2010\Projects\faceDetect\faceDetectOcx\Release\CL.read.1.tlog
C:\Users\Administrator\Documents\Visual Studio 2010\Projects\faceDetect\faceDetectOcx\Release\CL.write.1.tlog
C:\USERS\ADMINISTRATOR\DOCUMENTS\VISUAL STUDIO 2010\PROJECTS\FACEDETECT\FACEDETECTOCX\RELEASE\DLGCAMERA.OBJ
C:\USERS\ADMINISTRATOR\DOCUMENTS\VISUAL STUDIO 2010\PROJECTS\FACEDETECT\FACEDETECTOCX\RELEASE\FACEDETECTOCX.OBJ
C:\USERS\ADMINISTRATOR\DOCUMENTS\VISUAL STUDIO 2010\PROJECTS\FACEDETECT\FACEDETECTOCX\RELEASE\FACEDETECTOCX.OCX.INTERMEDIATE.MANIFEST
C:\USERS\ADMINISTRATOR\DOCUMENTS\VISUAL STUDIO 2010\PROJECTS\FACEDETECT\FACEDETECTOCX\RELEASE\FACEDETECTOCX.PCH
C:\USERS\ADMINISTRATOR\DOCUMENTS\VISUAL STUDIO 2010\PROJECTS\FACEDETECT\FACEDETECTOCX\RELEASE\FACEDETECTOCX.RES
C:\USERS\ADMINISTRATOR\DOCUMENTS\VISUAL STUDIO 2010\PROJECTS\FACEDETECT\FACEDETECTOCX\RELEASE\FACEDETECTOCX.TLB
C:\Users\Administrator\Documents\Visual Studio 2010\Projects\faceDetect\faceDetectOcx\Release\faceDetectOcx.write.1.tlog
C:\USERS\ADMINISTRATOR\DOCUMENTS\VISUAL STUDIO 2010\PROJECTS\FACEDETECT\FACEDETECTOCX\RELEASE\FACEDETECTOCXCTRL.OBJ
C:\USERS\ADMINISTRATOR\DOCUMENTS\VISUAL STUDIO 2010\PROJECTS\FACEDETECT\FACEDETECTOCX\RELEASE\FACEDETECTOCXPROPPAGE.OBJ
C:\Users\Administrator\Documents\Visual Studio 2010\Projects\faceDetect\faceDetectOcx\Release\link.command.1.tlog
C:\Users\Administrator\Documents\Visual Studio 2010\Projects\faceDetect\faceDetectOcx\Release\link.read.1.tlog
C:\Users\Administrator\Documents\Visual Studio 2010\Projects\faceDetect\faceDetectOcx\Release\link.write.1.tlog
C:\Users\Administrator\Documents\Visual Studio 2010\Projects\faceDetect\faceDetectOcx\Release\link-cvtres.read.1.tlog
C:\Users\Administrator\Documents\Visual Studio 2010\Projects\faceDetect\faceDetectOcx\Release\link-cvtres.write.1.tlog
C:\USERS\ADMINISTRATOR\DOCUMENTS\VISUAL STUDIO 2010\PROJECTS\FACEDETECT\FACEDETECTOCX\RELEASE\LOGGER.OBJ
C:\Users\Administrator\Documents\Visual Studio 2010\Projects\faceDetect\faceDetectOcx\Release\midl.command.1.tlog
C:\Users\Administrator\Documents\Visual Studio 2010\Projects\faceDetect\faceDetectOcx\Release\midl.read.1.tlog
C:\Users\Administrator\Documents\Visual Studio 2010\Projects\faceDetect\faceDetectOcx\Release\midl.write.1.tlog
C:\Users\Administrator\Documents\Visual Studio 2010\Projects\faceDetect\faceDetectOcx\Release\midl-midlc.read.1.tlog
C:\Users\Administrator\Documents\Visual Studio 2010\Projects\faceDetect\faceDetectOcx\Release\midl-midlc.write.1.tlog
C:\Users\Administrator\Documents\Visual Studio 2010\Projects\faceDetect\faceDetectOcx\Release\midl-midlc-cl.read.1.tlog
C:\Users\Administrator\Documents\Visual Studio 2010\Projects\faceDetect\faceDetectOcx\Release\mt.command.1.tlog
C:\Users\Administrator\Documents\Visual Studio 2010\Projects\faceDetect\faceDetectOcx\Release\mt.read.1.tlog
C:\Users\Administrator\Documents\Visual Studio 2010\Projects\faceDetect\faceDetectOcx\Release\mt.write.1.tlog
C:\Users\Administrator\Documents\Visual Studio 2010\Projects\faceDetect\faceDetectOcx\Release\rc.command.1.tlog
C:\Users\Administrator\Documents\Visual Studio 2010\Projects\faceDetect\faceDetectOcx\Release\rc.read.1.tlog
C:\Users\Administrator\Documents\Visual Studio 2010\Projects\faceDetect\faceDetectOcx\Release\rc.write.1.tlog
C:\USERS\ADMINISTRATOR\DOCUMENTS\VISUAL STUDIO 2010\PROJECTS\FACEDETECT\FACEDETECTOCX\RELEASE\STDAFX.OBJ
C:\USERS\ADMINISTRATOR\DOCUMENTS\VISUAL STUDIO 2010\PROJECTS\FACEDETECT\FACEDETECTOCX\RELEASE\VC100.PDB
C:\Users\Administrator\Documents\Visual Studio 2010\Projects\faceDetect\Release\faceDetectOcx.exp
C:\Users\Administrator\Documents\Visual Studio 2010\Projects\faceDetect\Release\faceDetectOcx.lib
C:\USERS\ADMINISTRATOR\DOCUMENTS\VISUAL STUDIO 2010\PROJECTS\FACEDETECT\RELEASE\FACEDETECTOCX.OCX
C:\USERS\ADMINISTRATOR\DOCUMENTS\VISUAL STUDIO 2010\PROJECTS\FACEDETECT\RELEASE\FACEDETECTOCX.PDB
