C:\USERS\ADMINISTRATOR\DOCUMENTS\VISUAL STUDIO 2010\PROJECTS\FACEDETECT\CAMERA\CAMERA_I.C
C:\USERS\ADMINISTRATOR\DOCUMENTS\VISUAL STUDIO 2010\PROJECTS\FACEDETECT\CAMERA\CAMERAIDL.H
C:\USERS\ADMINISTRATOR\DOCUMENTS\VISUAL STUDIO 2010\PROJECTS\FACEDETECT\CAMERA\RELEASE\BASE64.OBJ
C:\USERS\ADMINISTRATOR\DOCUMENTS\VISUAL STUDIO 2010\PROJECTS\FACEDETECT\CAMERA\RELEASE\CAMERA.OBJ
C:\USERS\ADMINISTRATOR\DOCUMENTS\VISUAL STUDIO 2010\PROJECTS\FACEDETECT\CAMERA\RELEASE\CAMERA.OCX.INTERMEDIATE.MANIFEST
C:\USERS\ADMINISTRATOR\DOCUMENTS\VISUAL STUDIO 2010\PROJECTS\FACEDETECT\CAMERA\RELEASE\CAMERA.PCH
C:\USERS\ADMINISTRATOR\DOCUMENTS\VISUAL STUDIO 2010\PROJECTS\FACEDETECT\CAMERA\RELEASE\CAMERA.RES
C:\USERS\ADMINISTRATOR\DOCUMENTS\VISUAL STUDIO 2010\PROJECTS\FACEDETECT\CAMERA\RELEASE\CAMERA.TLB
C:\Users\Administrator\Documents\Visual Studio 2010\Projects\faceDetect\Camera\Release\Camera.vcxprojResolveAssemblyReference.cache
C:\Users\Administrator\Documents\Visual Studio 2010\Projects\faceDetect\Camera\Release\Camera.write.1.tlog
C:\USERS\ADMINISTRATOR\DOCUMENTS\VISUAL STUDIO 2010\PROJECTS\FACEDETECT\CAMERA\RELEASE\CAMERACTRL.OBJ
C:\USERS\ADMINISTRATOR\DOCUMENTS\VISUAL STUDIO 2010\PROJECTS\FACEDETECT\CAMERA\RELEASE\CAMERAPROPPAGE.OBJ
C:\Users\Administrator\Documents\Visual Studio 2010\Projects\faceDetect\Camera\Release\cl.command.1.tlog
C:\Users\Administrator\Documents\Visual Studio 2010\Projects\faceDetect\Camera\Release\CL.read.1.tlog
C:\Users\Administrator\Documents\Visual Studio 2010\Projects\faceDetect\Camera\Release\CL.write.1.tlog
C:\USERS\ADMINISTRATOR\DOCUMENTS\VISUAL STUDIO 2010\PROJECTS\FACEDETECT\CAMERA\RELEASE\DLGSHOW.OBJ
C:\Users\Administrator\Documents\Visual Studio 2010\Projects\faceDetect\Camera\Release\link.command.1.tlog
C:\Users\Administrator\Documents\Visual Studio 2010\Projects\faceDetect\Camera\Release\link.read.1.tlog
C:\Users\Administrator\Documents\Visual Studio 2010\Projects\faceDetect\Camera\Release\link.write.1.tlog
C:\Users\Administrator\Documents\Visual Studio 2010\Projects\faceDetect\Camera\Release\link-cvtres.read.1.tlog
C:\Users\Administrator\Documents\Visual Studio 2010\Projects\faceDetect\Camera\Release\link-cvtres.write.1.tlog
C:\USERS\ADMINISTRATOR\DOCUMENTS\VISUAL STUDIO 2010\PROJECTS\FACEDETECT\CAMERA\RELEASE\LOGGER.OBJ
C:\Users\Administrator\Documents\Visual Studio 2010\Projects\faceDetect\Camera\Release\midl.command.1.tlog
C:\Users\Administrator\Documents\Visual Studio 2010\Projects\faceDetect\Camera\Release\midl.read.1.tlog
C:\Users\Administrator\Documents\Visual Studio 2010\Projects\faceDetect\Camera\Release\midl.write.1.tlog
C:\Users\Administrator\Documents\Visual Studio 2010\Projects\faceDetect\Camera\Release\midl-midlc.read.1.tlog
C:\Users\Administrator\Documents\Visual Studio 2010\Projects\faceDetect\Camera\Release\midl-midlc.write.1.tlog
C:\Users\Administrator\Documents\Visual Studio 2010\Projects\faceDetect\Camera\Release\midl-midlc-cl.read.1.tlog
C:\Users\Administrator\Documents\Visual Studio 2010\Projects\faceDetect\Camera\Release\mt.command.1.tlog
C:\Users\Administrator\Documents\Visual Studio 2010\Projects\faceDetect\Camera\Release\mt.read.1.tlog
C:\Users\Administrator\Documents\Visual Studio 2010\Projects\faceDetect\Camera\Release\mt.write.1.tlog
C:\Users\Administrator\Documents\Visual Studio 2010\Projects\faceDetect\Camera\Release\rc.command.1.tlog
C:\Users\Administrator\Documents\Visual Studio 2010\Projects\faceDetect\Camera\Release\rc.read.1.tlog
C:\Users\Administrator\Documents\Visual Studio 2010\Projects\faceDetect\Camera\Release\rc.write.1.tlog
C:\USERS\ADMINISTRATOR\DOCUMENTS\VISUAL STUDIO 2010\PROJECTS\FACEDETECT\CAMERA\RELEASE\STDAFX.OBJ
C:\USERS\ADMINISTRATOR\DOCUMENTS\VISUAL STUDIO 2010\PROJECTS\FACEDETECT\CAMERA\RELEASE\VC100.PDB
C:\Users\Administrator\Documents\Visual Studio 2010\Projects\faceDetect\Release\Camera.exp
C:\Users\Administrator\Documents\Visual Studio 2010\Projects\faceDetect\Release\Camera.lib
C:\USERS\ADMINISTRATOR\DOCUMENTS\VISUAL STUDIO 2010\PROJECTS\FACEDETECT\RELEASE\CAMERA.OCX
C:\USERS\ADMINISTRATOR\DOCUMENTS\VISUAL STUDIO 2010\PROJECTS\FACEDETECT\RELEASE\CAMERA.PDB
