生成启动时间为 2018/9/17 13:58:09。
     1>项目“C:\Users\Administrator\Documents\Visual Studio 2010\Projects\faceDetect\Camera\Camera.vcxproj”在节点 3 上(build 个目标)。
     1>InitializeBuildStatus:
         正在对“Release\Camera.unsuccessfulbuild”执行 Touch 任务。
       Midl:
         所有输出均为最新。
       ClCompile:
         所有输出均为最新。
         所有输出均为最新。
         D:\Microsoft Visual Studio 10.0\VC\bin\CL.exe /c /Zi /nologo /W3 /WX- /O2 /Oi /Oy- /GL /D WIN32 /D _WINDOWS /D NDEBUG /D _USRDLL /D _WINDLL /D _MBCS /Gm- /EHsc /MT /GS /Gy /fp:precise /Zc:wchar_t /Zc:forScope /Yu"StdAfx.h" /Fp"Release\Camera.pch" /Fo"Release\\" /Fd"Release\vc100.pdb" /Gd /TP /analyze- /errorReport:prompt Camera.cpp CameraCtrl.cpp CameraPropPage.cpp DlgShow.cpp
         Camera.cpp
     1>c:\users\administrator\documents\visual studio 2010\projects\facedetect\camera\Camera.h(19): fatal error C1083: 无法打开包括文件:“opencv2/opencv.hpp”: No such file or directory
         CameraCtrl.cpp
     1>c:\users\administrator\documents\visual studio 2010\projects\facedetect\camera\Camera.h(19): fatal error C1083: 无法打开包括文件:“opencv2/opencv.hpp”: No such file or directory
         CameraPropPage.cpp
     1>c:\users\administrator\documents\visual studio 2010\projects\facedetect\camera\Camera.h(19): fatal error C1083: 无法打开包括文件:“opencv2/opencv.hpp”: No such file or directory
         DlgShow.cpp
     1>c:\users\administrator\documents\visual studio 2010\projects\facedetect\camera\Camera.h(19): fatal error C1083: 无法打开包括文件:“opencv2/opencv.hpp”: No such file or directory
     1>已完成生成项目“C:\Users\Administrator\Documents\Visual Studio 2010\Projects\faceDetect\Camera\Camera.vcxproj”(build 个目标)的操作 - 失败。

生成失败。

已用时间 00:00:01.23
