生成启动时间为 2018/9/17 13:57:54。
     1>项目“C:\Users\Administrator\Documents\Visual Studio 2010\Projects\faceDetect\Mac2Key\Mac2Key.vcxproj”在节点 3 上(build 个目标)。
     1>InitializeBuildStatus:
         正在创建“Release\Mac2Key.unsuccessfulbuild”，因为已指定“AlwaysCreate”。
       ClCompile:
         所有输出均为最新。
       Link:
         D:\Microsoft Visual Studio 10.0\VC\bin\link.exe /ERRORREPORT:PROMPT /OUT:"C:\Users\Administrator\Documents\Visual Studio 2010\Projects\faceDetect\Release\Mac2Key.exe" /INCREMENTAL:NO /NOLOGO kernel32.lib user32.lib gdi32.lib winspool.lib comdlg32.lib advapi32.lib shell32.lib ole32.lib oleaut32.lib uuid.lib odbc32.lib odbccp32.lib /MANIFEST /ManifestFile:"Release\Mac2Key.exe.intermediate.manifest" /MANIFESTUAC:"level='asInvoker' uiAccess='false'" /DEBUG /PDB:"C:\Users\Administrator\Documents\Visual Studio 2010\Projects\faceDetect\Release\Mac2Key.pdb" /SUBSYSTEM:CONSOLE /OPT:REF /OPT:ICF /LTCG /TLBID:1 /DYNAMICBASE /NXCOMPAT /IMPLIB:"C:\Users\Administrator\Documents\Visual Studio 2010\Projects\faceDetect\Release\Mac2Key.lib" /MACHINE:X86 Release\Mac2Key.obj
         Release\stdafx.obj
         正在生成代码
         已完成代码的生成
         Mac2Key.vcxproj -> C:\Users\Administrator\Documents\Visual Studio 2010\Projects\faceDetect\Release\Mac2Key.exe
       Manifest:
         C:\Program Files (x86)\Microsoft SDKs\Windows\v7.0A\bin\mt.exe /nologo /verbose /outputresource:"C:\Users\Administrator\Documents\Visual Studio 2010\Projects\faceDetect\Release\Mac2Key.exe;#1" /manifest Release\Mac2Key.exe.intermediate.manifest
       FinalizeBuildStatus:
         正在删除文件“Release\Mac2Key.unsuccessfulbuild”。
         正在对“Release\Mac2Key.lastbuildstate”执行 Touch 任务。
     1>已完成生成项目“C:\Users\Administrator\Documents\Visual Studio 2010\Projects\faceDetect\Mac2Key\Mac2Key.vcxproj”(build 个目标)的操作。

生成成功。

已用时间 00:00:07.41
