生成启动时间为 2018/9/19 9:42:15。
     1>项目“C:\Users\Administrator\Documents\Visual Studio 2010\Projects\faceDetect\FaceLivingDetectionDemo\FaceLivingDetectionDemo.vcxproj”在节点 2 上(build 个目标)。
     1>InitializeBuildStatus:
         正在创建“Release\FaceLivingDetectionDemo.unsuccessfulbuild”，因为已指定“AlwaysCreate”。
       ClCompile:
         所有输出均为最新。
         D:\Microsoft Visual Studio 10.0\VC\bin\CL.exe /c /Zi /nologo /W3 /WX- /O2 /Oi /Oy- /GL /D WIN32 /D _WINDOWS /D NDEBUG /D _MBCS /D _AFXDLL /Gm- /EHsc /MD /GS /Gy /fp:precise /Zc:wchar_t /Zc:forScope /Yu"StdAfx.h" /Fp"Release\FaceLivingDetectionDemo.pch" /Fo"Release\\" /Fd"Release\vc100.pdb" /Gd /TP /analyze- /errorReport:prompt FaceLivingDetectionDemoDlg.cpp
         FaceLivingDetectionDemoDlg.cpp
       ResourceCompile:
         所有输出均为最新。
       Link:
         D:\Microsoft Visual Studio 10.0\VC\bin\link.exe /ERRORREPORT:PROMPT /OUT:"C:\Users\Administrator\Documents\Visual Studio 2010\Projects\faceDetect\Release\FaceLivingDetectionDemo.exe" /INCREMENTAL:NO /NOLOGO opencv_calib3d249.lib opencv_contrib249.lib opencv_core249.lib opencv_features2d249.lib opencv_flann249.lib opencv_gpu249.lib opencv_highgui249.lib opencv_imgproc249.lib opencv_legacy249.lib opencv_ml249d.lib opencv_objdetect249.lib opencv_ts249.lib opencv_video249.lib opencv_nonfree249.lib opencv_ocl249.lib opencv_photo249.lib opencv_stitching249.lib opencv_superres249.lib opencv_videostab249.lib opencv_calib3d249d.lib opencv_contrib249d.lib opencv_core249d.lib opencv_features2d249d.lib opencv_flann249d.lib opencv_gpu249d.lib opencv_highgui249d.lib opencv_imgproc249d.lib opencv_legacy249d.lib opencv_objdetect249d.lib opencv_ts249d.lib opencv_video249d.lib opencv_nonfree249d.lib opencv_ocl249d.lib opencv_photo249d.lib opencv_stitching249d.lib opencv_superres249d.lib opencv_videostab249d.lib /MANIFEST /ManifestFile:"Release\FaceLivingDetectionDemo.exe.intermediate.manifest" /MANIFESTUAC:"level='asInvoker' uiAccess='false'" /DEBUG /PDB:"C:\Users\Administrator\Documents\Visual Studio 2010\Projects\faceDetect\Release\FaceLivingDetectionDemo.pdb" /SUBSYSTEM:WINDOWS /OPT:REF /OPT:ICF /LTCG /TLBID:1 /DYNAMICBASE /NXCOMPAT /IMPLIB:"C:\Users\Administrator\Documents\Visual Studio 2010\Projects\faceDetect\Release\FaceLivingDetectionDemo.lib" /MACHINE:X86 Release\FaceLivingDetectionDemo.res
         Release\FaceLivingDetectionDemo.obj
         Release\FaceLivingDetectionDemoDlg.obj
         Release\stdafx.obj
         正在生成代码
         已完成代码的生成
         FaceLivingDetectionDemo.vcxproj -> C:\Users\Administrator\Documents\Visual Studio 2010\Projects\faceDetect\Release\FaceLivingDetectionDemo.exe
       Manifest:
         C:\Program Files (x86)\Microsoft SDKs\Windows\v7.0A\bin\mt.exe /nologo /verbose /outputresource:"C:\Users\Administrator\Documents\Visual Studio 2010\Projects\faceDetect\Release\FaceLivingDetectionDemo.exe;#1" /manifest Release\FaceLivingDetectionDemo.exe.intermediate.manifest "D:\Microsoft Visual Studio 10.0\VC\Include\Manifest\dpiaware.manifest"
       FinalizeBuildStatus:
         正在删除文件“Release\FaceLivingDetectionDemo.unsuccessfulbuild”。
         正在对“Release\FaceLivingDetectionDemo.lastbuildstate”执行 Touch 任务。
     1>已完成生成项目“C:\Users\Administrator\Documents\Visual Studio 2010\Projects\faceDetect\FaceLivingDetectionDemo\FaceLivingDetectionDemo.vcxproj”(build 个目标)的操作。

生成成功。

已用时间 00:00:02.10
