C:\Users\Administrator\Documents\Visual Studio 2010\Projects\faceDetect\faceDetectWin32\Release\cl.command.1.tlog
C:\Users\Administrator\Documents\Visual Studio 2010\Projects\faceDetect\faceDetectWin32\Release\CL.read.1.tlog
C:\Users\Administrator\Documents\Visual Studio 2010\Projects\faceDetect\faceDetectWin32\Release\CL.write.1.tlog
C:\USERS\ADMINISTRATOR\DOCUMENTS\VISUAL STUDIO 2010\PROJECTS\FACEDETECT\FACEDETECTWIN32\RELEASE\FACEDETECTWIN32.EXE.INTERMEDIATE.MANIFEST
C:\USERS\ADMINISTRATOR\DOCUMENTS\VISUAL STUDIO 2010\PROJECTS\FACEDETECT\FACEDETECTWIN32\RELEASE\FACEDETECTWIN32.OBJ
C:\USERS\ADMINISTRATOR\DOCUMENTS\VISUAL STUDIO 2010\PROJECTS\FACEDETECT\FACEDETECTWIN32\RELEASE\FACEDETECTWIN32.PCH
C:\Users\Administrator\Documents\Visual Studio 2010\Projects\faceDetect\faceDetectWin32\Release\faceDetectWin32.vcxprojResolveAssemblyReference.cache
C:\Users\Administrator\Documents\Visual Studio 2010\Projects\faceDetect\faceDetectWin32\Release\faceDetectWin32.write.1.tlog
C:\Users\Administrator\Documents\Visual Studio 2010\Projects\faceDetect\faceDetectWin32\Release\link.command.1.tlog
C:\Users\Administrator\Documents\Visual Studio 2010\Projects\faceDetect\faceDetectWin32\Release\link.read.1.tlog
C:\Users\Administrator\Documents\Visual Studio 2010\Projects\faceDetect\faceDetectWin32\Release\link.write.1.tlog
C:\Users\Administrator\Documents\Visual Studio 2010\Projects\faceDetect\faceDetectWin32\Release\mt.command.1.tlog
C:\Users\Administrator\Documents\Visual Studio 2010\Projects\faceDetect\faceDetectWin32\Release\mt.read.1.tlog
C:\Users\Administrator\Documents\Visual Studio 2010\Projects\faceDetect\faceDetectWin32\Release\mt.write.1.tlog
C:\USERS\ADMINISTRATOR\DOCUMENTS\VISUAL STUDIO 2010\PROJECTS\FACEDETECT\FACEDETECTWIN32\RELEASE\STDAFX.OBJ
C:\USERS\ADMINISTRATOR\DOCUMENTS\VISUAL STUDIO 2010\PROJECTS\FACEDETECT\FACEDETECTWIN32\RELEASE\VC100.PDB
C:\USERS\ADMINISTRATOR\DOCUMENTS\VISUAL STUDIO 2010\PROJECTS\FACEDETECT\RELEASE\FACEDETECTWIN32.EXE
C:\Users\Administrator\Documents\Visual Studio 2010\Projects\faceDetect\Release\faceDetectWin32.exp
C:\Users\Administrator\Documents\Visual Studio 2010\Projects\faceDetect\Release\faceDetectWin32.lib
C:\USERS\ADMINISTRATOR\DOCUMENTS\VISUAL STUDIO 2010\PROJECTS\FACEDETECT\RELEASE\FACEDETECTWIN32.PDB
