生成启动时间为 2018/9/18 8:34:07。
     1>项目“C:\Users\Administrator\Documents\Visual Studio 2010\Projects\faceDetect\faceDetectWin32\faceDetectWin32.vcxproj”在节点 2 上(build 个目标)。
     1>InitializeBuildStatus:
         正在创建“Release\faceDetectWin32.unsuccessfulbuild”，因为已指定“AlwaysCreate”。
       ClCompile:
         所有输出均为最新。
         D:\Microsoft Visual Studio 10.0\VC\bin\CL.exe /c /ID:\opencv\build\include /Zi /nologo /W3 /WX- /O2 /Oi /Oy- /GL /D WIN32 /D NDEBUG /D _CONSOLE /D _MBCS /Gm- /EHsc /MD /GS /Gy /fp:precise /Zc:wchar_t /Zc:forScope /Yu"StdAfx.h" /Fp"Release\faceDetectWin32.pch" /Fo"Release\\" /Fd"Release\vc100.pdb" /Gd /TP /analyze- /errorReport:prompt faceDetectWin32.cpp
         faceDetectWin32.cpp
     1>faceDetectWin32.cpp(154): warning C4244: “初始化”: 从“double”转换到“float”，可能丢失数据
     1>faceDetectWin32.cpp(155): warning C4244: “初始化”: 从“double”转换到“float”，可能丢失数据
     1>faceDetectWin32.cpp(163): warning C4244: “初始化”: 从“double”转换到“float”，可能丢失数据
     1>faceDetectWin32.cpp(164): warning C4244: “初始化”: 从“double”转换到“float”，可能丢失数据
     1>faceDetectWin32.cpp(402): warning C4244: “初始化”: 从“float”转换到“uchar”，可能丢失数据
     1>faceDetectWin32.cpp(446): warning C4244: “初始化”: 从“float”转换到“uchar”，可能丢失数据
     1>faceDetectWin32.cpp(546): warning C4244: “初始化”: 从“float”转换到“uchar”，可能丢失数据
     1>faceDetectWin32.cpp(709): warning C4996: 'sprintf': This function or variable may be unsafe. Consider using sprintf_s instead. To disable deprecation, use _CRT_SECURE_NO_WARNINGS. See online help for details.
                 D:\Microsoft Visual Studio 10.0\VC\include\stdio.h(371) : 参见“sprintf”的声明
     1>faceDetectWin32.cpp(775): warning C4996: 'sprintf': This function or variable may be unsafe. Consider using sprintf_s instead. To disable deprecation, use _CRT_SECURE_NO_WARNINGS. See online help for details.
                 D:\Microsoft Visual Studio 10.0\VC\include\stdio.h(371) : 参见“sprintf”的声明
     1>faceDetectWin32.cpp(840): warning C4996: 'sprintf': This function or variable may be unsafe. Consider using sprintf_s instead. To disable deprecation, use _CRT_SECURE_NO_WARNINGS. See online help for details.
                 D:\Microsoft Visual Studio 10.0\VC\include\stdio.h(371) : 参见“sprintf”的声明
     1>faceDetectWin32.cpp(1181): warning C4996: 'sprintf': This function or variable may be unsafe. Consider using sprintf_s instead. To disable deprecation, use _CRT_SECURE_NO_WARNINGS. See online help for details.
                 D:\Microsoft Visual Studio 10.0\VC\include\stdio.h(371) : 参见“sprintf”的声明
     1>faceDetectWin32.cpp(1183): warning C4996: 'sprintf': This function or variable may be unsafe. Consider using sprintf_s instead. To disable deprecation, use _CRT_SECURE_NO_WARNINGS. See online help for details.
                 D:\Microsoft Visual Studio 10.0\VC\include\stdio.h(371) : 参见“sprintf”的声明
     1>faceDetectWin32.cpp(1187): warning C4996: 'sprintf': This function or variable may be unsafe. Consider using sprintf_s instead. To disable deprecation, use _CRT_SECURE_NO_WARNINGS. See online help for details.
                 D:\Microsoft Visual Studio 10.0\VC\include\stdio.h(371) : 参见“sprintf”的声明
       Link:
         D:\Microsoft Visual Studio 10.0\VC\bin\link.exe /ERRORREPORT:PROMPT /OUT:"C:\Users\Administrator\Documents\Visual Studio 2010\Projects\faceDetect\Release\faceDetectWin32.exe" /INCREMENTAL:NO /NOLOGO /LIBPATH:D:\opencv\build\x86\vc10\lib opencv_calib3d249.lib opencv_contrib249.lib opencv_core249.lib opencv_features2d249.lib opencv_flann249.lib opencv_gpu249.lib opencv_highgui249.lib opencv_imgproc249.lib opencv_legacy249.lib opencv_ml249d.lib opencv_objdetect249.lib opencv_ts249.lib opencv_video249.lib opencv_nonfree249.lib opencv_ocl249.lib opencv_photo249.lib opencv_stitching249.lib opencv_superres249.lib opencv_videostab249.lib opencv_calib3d249d.lib opencv_contrib249d.lib opencv_core249d.lib opencv_features2d249d.lib opencv_flann249d.lib opencv_gpu249d.lib opencv_highgui249d.lib opencv_imgproc249d.lib opencv_legacy249d.lib opencv_objdetect249d.lib opencv_ts249d.lib opencv_video249d.lib opencv_nonfree249d.lib opencv_ocl249d.lib opencv_photo249d.lib opencv_stitching249d.lib opencv_superres249d.lib opencv_videostab249d.lib kernel32.lib user32.lib gdi32.lib winspool.lib comdlg32.lib advapi32.lib shell32.lib ole32.lib oleaut32.lib uuid.lib odbc32.lib odbccp32.lib /MANIFEST /ManifestFile:"Release\faceDetectWin32.exe.intermediate.manifest" /MANIFESTUAC:"level='asInvoker' uiAccess='false'" /DEBUG /PDB:"C:\Users\Administrator\Documents\Visual Studio 2010\Projects\faceDetect\Release\faceDetectWin32.pdb" /SUBSYSTEM:CONSOLE /OPT:REF /OPT:ICF /LTCG /TLBID:1 /DYNAMICBASE /NXCOMPAT /IMPLIB:"C:\Users\Administrator\Documents\Visual Studio 2010\Projects\faceDetect\Release\faceDetectWin32.lib" /MACHINE:X86 Release\faceDetectWin32.obj
         Release\stdafx.obj
            正在创建库 C:\Users\Administrator\Documents\Visual Studio 2010\Projects\faceDetect\Release\faceDetectWin32.lib 和对象 C:\Users\Administrator\Documents\Visual Studio 2010\Projects\faceDetect\Release\faceDetectWin32.exp
         正在生成代码
         已完成代码的生成
         faceDetectWin32.vcxproj -> C:\Users\Administrator\Documents\Visual Studio 2010\Projects\faceDetect\Release\faceDetectWin32.exe
       Manifest:
         C:\Program Files (x86)\Microsoft SDKs\Windows\v7.0A\bin\mt.exe /nologo /verbose /outputresource:"C:\Users\Administrator\Documents\Visual Studio 2010\Projects\faceDetect\Release\faceDetectWin32.exe;#1" /manifest Release\faceDetectWin32.exe.intermediate.manifest
       FinalizeBuildStatus:
         正在删除文件“Release\faceDetectWin32.unsuccessfulbuild”。
         正在对“Release\faceDetectWin32.lastbuildstate”执行 Touch 任务。
     1>已完成生成项目“C:\Users\Administrator\Documents\Visual Studio 2010\Projects\faceDetect\faceDetectWin32\faceDetectWin32.vcxproj”(build 个目标)的操作。

生成成功。

已用时间 00:00:03.39
